2025-06-11 10:49:35 [restartedMain] INFO  com.payment.HitpayApplication - Starting HitpayApplication using Java 17.0.13 with PID 6428 (D:\EasyTopUp-Java-Service\target\classes started by Ariv in D:\EasyTopUp-Java-Service)
2025-06-11 10:49:35 [restartedMain] INFO  com.payment.HitpayApplication - No active profile set, falling back to 1 default profile: "default"
2025-06-11 10:49:35 [restartedMain] INFO  o.s.b.d.e.DevToolsPropertyDefaultsPostProcessor - Devtools property defaults active! Set 'spring.devtools.add-properties' to 'false' to disable
2025-06-11 10:49:35 [restartedMain] INFO  o.s.b.d.e.DevToolsPropertyDefaultsPostProcessor - For additional web related logging consider setting the 'logging.level.web' property to 'DEBUG'
2025-06-11 10:49:36 [restartedMain] INFO  o.s.d.r.c.RepositoryConfigurationDelegate - Bootstrapping Spring Data JPA repositories in DEFAULT mode.
2025-06-11 10:49:36 [restartedMain] INFO  o.s.d.r.c.RepositoryConfigurationDelegate - Finished Spring Data repository scanning in 75 ms. Found 1 JPA repository interface.
2025-06-11 10:49:37 [restartedMain] INFO  o.s.b.w.e.tomcat.TomcatWebServer - Tomcat initialized with port 8085 (http)
2025-06-11 10:49:37 [restartedMain] INFO  o.a.coyote.http11.Http11NioProtocol - Initializing ProtocolHandler ["http-nio-8085"]
2025-06-11 10:49:37 [restartedMain] INFO  o.a.catalina.core.StandardService - Starting service [Tomcat]
2025-06-11 10:49:37 [restartedMain] INFO  o.a.catalina.core.StandardEngine - Starting Servlet engine: [Apache Tomcat/10.1.41]
2025-06-11 10:49:37 [restartedMain] INFO  o.a.c.c.C.[Tomcat].[localhost].[/] - Initializing Spring embedded WebApplicationContext
2025-06-11 10:49:37 [restartedMain] INFO  o.s.b.w.s.c.ServletWebServerApplicationContext - Root WebApplicationContext: initialization completed in 1841 ms
2025-06-11 10:49:38 [restartedMain] INFO  o.s.o.j.p.SpringPersistenceUnitInfo - No LoadTimeWeaver setup: ignoring JPA class transformer
2025-06-11 10:49:38 [restartedMain] INFO  com.zaxxer.hikari.HikariDataSource - HikariPool-1 - Starting...
2025-06-11 10:49:38 [restartedMain] INFO  com.zaxxer.hikari.pool.HikariPool - HikariPool-1 - Added connection org.postgresql.jdbc.PgConnection@2bc0d203
2025-06-11 10:49:39 [restartedMain] INFO  com.zaxxer.hikari.HikariDataSource - HikariPool-1 - Start completed.
2025-06-11 10:49:39 [restartedMain] WARN  org.hibernate.orm.deprecation - HHH90000025: PostgreSQLDialect does not need to be specified explicitly using 'hibernate.dialect' (remove the property setting and it will be selected by default)
2025-06-11 10:49:40 [restartedMain] INFO  o.s.o.j.LocalContainerEntityManagerFactoryBean - Initialized JPA EntityManagerFactory for persistence unit 'default'
2025-06-11 10:49:40 [restartedMain] WARN  o.s.b.a.o.j.JpaBaseConfiguration$JpaWebConfiguration - spring.jpa.open-in-view is enabled by default. Therefore, database queries may be performed during view rendering. Explicitly configure spring.jpa.open-in-view to disable this warning
2025-06-11 10:49:41 [restartedMain] INFO  o.s.b.d.a.OptionalLiveReloadServer - LiveReload server is running on port 35729
2025-06-11 10:49:41 [restartedMain] INFO  o.a.coyote.http11.Http11NioProtocol - Starting ProtocolHandler ["http-nio-8085"]
2025-06-11 10:49:41 [restartedMain] INFO  o.s.b.w.e.tomcat.TomcatWebServer - Tomcat started on port 8085 (http) with context path '/'
2025-06-11 10:49:41 [restartedMain] INFO  com.payment.HitpayApplication - Started HitpayApplication in 6.235 seconds (process running for 6.953)
2025-06-11 10:57:52 [SpringApplicationShutdownHook] INFO  o.s.b.w.e.tomcat.GracefulShutdown - Commencing graceful shutdown. Waiting for active requests to complete
2025-06-11 10:57:52 [tomcat-shutdown] INFO  o.s.b.w.e.tomcat.GracefulShutdown - Graceful shutdown complete
2025-06-11 10:57:52 [SpringApplicationShutdownHook] INFO  o.s.o.j.LocalContainerEntityManagerFactoryBean - Closing JPA EntityManagerFactory for persistence unit 'default'
2025-06-11 10:57:52 [SpringApplicationShutdownHook] INFO  com.zaxxer.hikari.HikariDataSource - HikariPool-1 - Shutdown initiated...
2025-06-11 10:57:52 [SpringApplicationShutdownHook] INFO  com.zaxxer.hikari.HikariDataSource - HikariPool-1 - Shutdown completed.
2025-06-11 11:09:15 [restartedMain] INFO  com.payment.HitpayApplication - Starting HitpayApplication using Java 17.0.13 with PID 18900 (D:\EasyTopUp-Java-Service\target\classes started by Ariv in D:\EasyTopUp-Java-Service)
2025-06-11 11:09:15 [restartedMain] INFO  com.payment.HitpayApplication - No active profile set, falling back to 1 default profile: "default"
2025-06-11 11:09:15 [restartedMain] INFO  o.s.b.d.e.DevToolsPropertyDefaultsPostProcessor - Devtools property defaults active! Set 'spring.devtools.add-properties' to 'false' to disable
2025-06-11 11:09:15 [restartedMain] INFO  o.s.b.d.e.DevToolsPropertyDefaultsPostProcessor - For additional web related logging consider setting the 'logging.level.web' property to 'DEBUG'
2025-06-11 11:09:16 [restartedMain] INFO  o.s.d.r.c.RepositoryConfigurationDelegate - Bootstrapping Spring Data JPA repositories in DEFAULT mode.
2025-06-11 11:09:16 [restartedMain] INFO  o.s.d.r.c.RepositoryConfigurationDelegate - Finished Spring Data repository scanning in 75 ms. Found 1 JPA repository interface.
2025-06-11 11:09:17 [restartedMain] INFO  o.s.b.w.e.tomcat.TomcatWebServer - Tomcat initialized with port 8090 (http)
2025-06-11 11:09:17 [restartedMain] INFO  o.a.coyote.http11.Http11NioProtocol - Initializing ProtocolHandler ["http-nio-8090"]
2025-06-11 11:09:17 [restartedMain] INFO  o.a.catalina.core.StandardService - Starting service [Tomcat]
2025-06-11 11:09:17 [restartedMain] INFO  o.a.catalina.core.StandardEngine - Starting Servlet engine: [Apache Tomcat/10.1.41]
2025-06-11 11:09:17 [restartedMain] INFO  o.a.c.c.C.[Tomcat].[localhost].[/] - Initializing Spring embedded WebApplicationContext
2025-06-11 11:09:17 [restartedMain] INFO  o.s.b.w.s.c.ServletWebServerApplicationContext - Root WebApplicationContext: initialization completed in 1926 ms
2025-06-11 11:09:18 [restartedMain] INFO  o.s.o.j.p.SpringPersistenceUnitInfo - No LoadTimeWeaver setup: ignoring JPA class transformer
2025-06-11 11:09:18 [restartedMain] INFO  com.zaxxer.hikari.HikariDataSource - HikariPool-1 - Starting...
2025-06-11 11:09:18 [restartedMain] INFO  com.zaxxer.hikari.pool.HikariPool - HikariPool-1 - Added connection org.postgresql.jdbc.PgConnection@218a4998
2025-06-11 11:09:18 [restartedMain] INFO  com.zaxxer.hikari.HikariDataSource - HikariPool-1 - Start completed.
2025-06-11 11:09:18 [restartedMain] WARN  org.hibernate.orm.deprecation - HHH90000025: PostgreSQLDialect does not need to be specified explicitly using 'hibernate.dialect' (remove the property setting and it will be selected by default)
2025-06-11 11:09:19 [restartedMain] INFO  o.s.o.j.LocalContainerEntityManagerFactoryBean - Initialized JPA EntityManagerFactory for persistence unit 'default'
2025-06-11 11:09:20 [restartedMain] WARN  o.s.b.a.o.j.JpaBaseConfiguration$JpaWebConfiguration - spring.jpa.open-in-view is enabled by default. Therefore, database queries may be performed during view rendering. Explicitly configure spring.jpa.open-in-view to disable this warning
2025-06-11 11:09:20 [restartedMain] INFO  o.s.b.d.a.OptionalLiveReloadServer - LiveReload server is running on port 35729
2025-06-11 11:09:20 [restartedMain] INFO  o.a.coyote.http11.Http11NioProtocol - Starting ProtocolHandler ["http-nio-8090"]
2025-06-11 11:09:20 [restartedMain] INFO  o.s.b.w.e.tomcat.TomcatWebServer - Tomcat started on port 8090 (http) with context path '/'
2025-06-11 11:09:20 [restartedMain] INFO  com.payment.HitpayApplication - Started HitpayApplication in 6.062 seconds (process running for 6.801)
2025-06-11 11:09:27 [http-nio-8090-exec-1] INFO  o.a.c.c.C.[Tomcat].[localhost].[/] - Initializing Spring DispatcherServlet 'dispatcherServlet'
2025-06-11 11:09:27 [http-nio-8090-exec-1] INFO  o.s.web.servlet.DispatcherServlet - Initializing Servlet 'dispatcherServlet'
2025-06-11 11:09:27 [http-nio-8090-exec-1] INFO  o.s.web.servlet.DispatcherServlet - Completed initialization in 1 ms
2025-06-11 11:09:27 [http-nio-8090-exec-1] INFO  c.p.g.c.TransactionController -  => Request to get transaction <=
2025-06-11 11:10:09 [http-nio-8090-exec-2] INFO  c.p.g.c.TransactionController -  => Request to get transaction <=
2025-06-11 11:11:54 [http-nio-8090-exec-6] INFO  c.p.g.controller.HitpayController - =>Requested to payment checkout<=
2025-06-11 11:12:31 [http-nio-8090-exec-5] INFO  c.p.g.c.TransactionController -  => Request to get transaction <=
2025-06-11 11:12:33 [http-nio-8090-exec-7] INFO  c.p.g.c.TransactionController -  => Request to get transaction <=
2025-06-11 11:12:35 [http-nio-8090-exec-8] INFO  c.p.g.c.TransactionController -  => Request to get transaction <=
2025-06-11 11:12:37 [http-nio-8090-exec-9] INFO  c.p.g.c.TransactionController -  => Request to get transaction <=
2025-06-11 11:12:39 [http-nio-8090-exec-10] INFO  c.p.g.c.TransactionController -  => Request to get transaction <=
2025-06-11 11:13:51 [SpringApplicationShutdownHook] INFO  o.s.b.w.e.tomcat.GracefulShutdown - Commencing graceful shutdown. Waiting for active requests to complete
2025-06-11 11:13:51 [tomcat-shutdown] INFO  o.s.b.w.e.tomcat.GracefulShutdown - Graceful shutdown complete
2025-06-11 11:13:51 [SpringApplicationShutdownHook] INFO  o.s.o.j.LocalContainerEntityManagerFactoryBean - Closing JPA EntityManagerFactory for persistence unit 'default'
2025-06-11 11:13:51 [SpringApplicationShutdownHook] INFO  com.zaxxer.hikari.HikariDataSource - HikariPool-1 - Shutdown initiated...
2025-06-11 11:13:51 [SpringApplicationShutdownHook] INFO  com.zaxxer.hikari.HikariDataSource - HikariPool-1 - Shutdown completed.
2025-06-11 11:13:55 [restartedMain] INFO  com.payment.HitpayApplication - Starting HitpayApplication using Java 17.0.13 with PID 7172 (D:\EasyTopUp-Java-Service\target\classes started by Ariv in D:\EasyTopUp-Java-Service)
2025-06-11 11:13:55 [restartedMain] INFO  com.payment.HitpayApplication - No active profile set, falling back to 1 default profile: "default"
2025-06-11 11:13:55 [restartedMain] INFO  o.s.b.d.e.DevToolsPropertyDefaultsPostProcessor - Devtools property defaults active! Set 'spring.devtools.add-properties' to 'false' to disable
2025-06-11 11:13:55 [restartedMain] INFO  o.s.b.d.e.DevToolsPropertyDefaultsPostProcessor - For additional web related logging consider setting the 'logging.level.web' property to 'DEBUG'
2025-06-11 11:13:56 [restartedMain] INFO  o.s.d.r.c.RepositoryConfigurationDelegate - Bootstrapping Spring Data JPA repositories in DEFAULT mode.
2025-06-11 11:13:56 [restartedMain] INFO  o.s.d.r.c.RepositoryConfigurationDelegate - Finished Spring Data repository scanning in 77 ms. Found 1 JPA repository interface.
2025-06-11 11:13:56 [restartedMain] INFO  o.s.b.w.e.tomcat.TomcatWebServer - Tomcat initialized with port 8090 (http)
2025-06-11 11:13:56 [restartedMain] INFO  o.a.coyote.http11.Http11NioProtocol - Initializing ProtocolHandler ["http-nio-8090"]
2025-06-11 11:13:56 [restartedMain] INFO  o.a.catalina.core.StandardService - Starting service [Tomcat]
2025-06-11 11:13:56 [restartedMain] INFO  o.a.catalina.core.StandardEngine - Starting Servlet engine: [Apache Tomcat/10.1.41]
2025-06-11 11:13:56 [restartedMain] INFO  o.a.c.c.C.[Tomcat].[localhost].[/] - Initializing Spring embedded WebApplicationContext
2025-06-11 11:13:56 [restartedMain] INFO  o.s.b.w.s.c.ServletWebServerApplicationContext - Root WebApplicationContext: initialization completed in 1756 ms
2025-06-11 11:13:57 [restartedMain] INFO  o.s.o.j.p.SpringPersistenceUnitInfo - No LoadTimeWeaver setup: ignoring JPA class transformer
2025-06-11 11:13:57 [restartedMain] INFO  com.zaxxer.hikari.HikariDataSource - HikariPool-1 - Starting...
2025-06-11 11:13:58 [restartedMain] INFO  com.zaxxer.hikari.pool.HikariPool - HikariPool-1 - Added connection org.postgresql.jdbc.PgConnection@31b8116b
2025-06-11 11:13:58 [restartedMain] INFO  com.zaxxer.hikari.HikariDataSource - HikariPool-1 - Start completed.
2025-06-11 11:13:58 [restartedMain] WARN  org.hibernate.orm.deprecation - HHH90000025: PostgreSQLDialect does not need to be specified explicitly using 'hibernate.dialect' (remove the property setting and it will be selected by default)
2025-06-11 11:13:59 [restartedMain] INFO  o.s.o.j.LocalContainerEntityManagerFactoryBean - Initialized JPA EntityManagerFactory for persistence unit 'default'
2025-06-11 11:13:59 [restartedMain] WARN  o.s.b.a.o.j.JpaBaseConfiguration$JpaWebConfiguration - spring.jpa.open-in-view is enabled by default. Therefore, database queries may be performed during view rendering. Explicitly configure spring.jpa.open-in-view to disable this warning
2025-06-11 11:14:00 [restartedMain] INFO  o.s.b.d.a.OptionalLiveReloadServer - LiveReload server is running on port 35729
2025-06-11 11:14:00 [restartedMain] INFO  o.a.coyote.http11.Http11NioProtocol - Starting ProtocolHandler ["http-nio-8090"]
2025-06-11 11:14:00 [restartedMain] INFO  o.s.b.w.e.tomcat.TomcatWebServer - Tomcat started on port 8090 (http) with context path '/'
2025-06-11 11:14:00 [restartedMain] INFO  com.payment.HitpayApplication - Started HitpayApplication in 5.839 seconds (process running for 6.421)
2025-06-11 11:14:37 [http-nio-8090-exec-1] INFO  o.a.c.c.C.[Tomcat].[localhost].[/] - Initializing Spring DispatcherServlet 'dispatcherServlet'
2025-06-11 11:14:37 [http-nio-8090-exec-1] INFO  o.s.web.servlet.DispatcherServlet - Initializing Servlet 'dispatcherServlet'
2025-06-11 11:14:37 [http-nio-8090-exec-1] INFO  o.s.web.servlet.DispatcherServlet - Completed initialization in 0 ms
2025-06-11 11:14:37 [http-nio-8090-exec-1] INFO  c.p.g.controller.HitpayController - =>Requested to payment checkout<=
2025-06-11 11:15:08 [http-nio-8090-exec-3] INFO  c.p.g.controller.WebhookController - =>Requested to webhook listening <=
2025-06-11 11:15:08 [http-nio-8090-exec-3] INFO  c.p.g.controller.WebhookController - Webhook received | content-type=application/x-www-form-urlencoded, event-type=null, sig=[no]
2025-06-11 11:15:10 [http-nio-8090-exec-2] INFO  c.p.g.c.TransactionController -  => Request to get transaction <=
2025-06-11 11:15:11 [http-nio-8090-exec-4] INFO  c.p.g.controller.WebhookController - =>Requested to webhook listening <=
2025-06-11 11:15:11 [http-nio-8090-exec-4] INFO  c.p.g.controller.WebhookController - Webhook received | content-type=application/json, event-type=created, sig=[yes]
2025-06-11 11:15:11 [http-nio-8090-exec-4] INFO  c.p.g.controller.WebhookController - Handling charge.created event
2025-06-11 11:15:11 [http-nio-8090-exec-4] INFO  c.p.g.controller.WebhookController - Requested to handlePayment
2025-06-11 11:15:13 [http-nio-8090-exec-6] INFO  c.p.g.c.TransactionController -  => Request to get transaction <=
2025-06-11 11:35:40 [http-nio-8090-exec-9] INFO  c.p.g.controller.HitpayController - =>Requested to payment checkout<=
2025-06-11 11:36:13 [http-nio-8090-exec-8] INFO  c.p.g.controller.WebhookController - =>Requested to webhook listening <=
2025-06-11 11:36:13 [http-nio-8090-exec-8] INFO  c.p.g.controller.WebhookController - Webhook received | content-type=application/x-www-form-urlencoded, event-type=null, sig=[no]
2025-06-11 11:36:13 [http-nio-8090-exec-1] INFO  c.p.g.c.TransactionController -  => Request to get transaction <=
2025-06-11 11:36:14 [http-nio-8090-exec-3] INFO  c.p.g.controller.WebhookController - =>Requested to webhook listening <=
2025-06-11 11:36:14 [http-nio-8090-exec-3] INFO  c.p.g.controller.WebhookController - Webhook received | content-type=application/json, event-type=created, sig=[yes]
2025-06-11 11:36:14 [http-nio-8090-exec-3] INFO  c.p.g.controller.WebhookController - Handling charge.created event
2025-06-11 11:36:14 [http-nio-8090-exec-3] INFO  c.p.g.controller.WebhookController - Requested to handlePayment
2025-06-11 11:36:15 [http-nio-8090-exec-2] INFO  c.p.g.c.TransactionController -  => Request to get transaction <=
2025-06-11 11:36:17 [http-nio-8090-exec-4] INFO  c.p.g.c.TransactionController -  => Request to get transaction <=
2025-06-11 12:13:49 [http-nio-8090-exec-9] INFO  c.p.g.controller.HitpayController - =>Requested to payment checkout<=
2025-06-11 12:15:15 [http-nio-8090-exec-1] INFO  c.p.g.c.TransactionController -  => Request to get transaction <=
2025-06-11 12:15:16 [http-nio-8090-exec-2] INFO  c.p.g.controller.WebhookController - =>Requested to webhook listening <=
2025-06-11 12:15:16 [http-nio-8090-exec-2] INFO  c.p.g.controller.WebhookController - Webhook received | content-type=application/x-www-form-urlencoded, event-type=null, sig=[no]
2025-06-11 12:15:17 [http-nio-8090-exec-3] INFO  c.p.g.c.TransactionController -  => Request to get transaction <=
2025-06-11 12:15:18 [http-nio-8090-exec-4] INFO  c.p.g.controller.WebhookController - =>Requested to webhook listening <=
2025-06-11 12:15:18 [http-nio-8090-exec-4] INFO  c.p.g.controller.WebhookController - Webhook received | content-type=application/json, event-type=created, sig=[yes]
2025-06-11 12:15:18 [http-nio-8090-exec-4] INFO  c.p.g.controller.WebhookController - Handling charge.created event
2025-06-11 12:15:18 [http-nio-8090-exec-4] INFO  c.p.g.controller.WebhookController - Requested to handlePayment
2025-06-11 12:15:20 [http-nio-8090-exec-6] INFO  c.p.g.c.TransactionController -  => Request to get transaction <=
2025-06-11 12:15:21 [SpringApplicationShutdownHook] INFO  o.s.b.w.e.tomcat.GracefulShutdown - Commencing graceful shutdown. Waiting for active requests to complete
2025-06-11 12:15:21 [tomcat-shutdown] INFO  o.s.b.w.e.tomcat.GracefulShutdown - Graceful shutdown complete
2025-06-11 12:15:21 [SpringApplicationShutdownHook] INFO  o.s.o.j.LocalContainerEntityManagerFactoryBean - Closing JPA EntityManagerFactory for persistence unit 'default'
2025-06-11 12:15:21 [SpringApplicationShutdownHook] INFO  com.zaxxer.hikari.HikariDataSource - HikariPool-1 - Shutdown initiated...
2025-06-11 12:15:21 [SpringApplicationShutdownHook] INFO  com.zaxxer.hikari.HikariDataSource - HikariPool-1 - Shutdown completed.
2025-06-11 12:19:23 [restartedMain] INFO  com.payment.HitpayApplication - Starting HitpayApplication using Java 17.0.13 with PID 18636 (D:\EasyTopUp-Java-Service\target\classes started by Ariv in D:\EasyTopUp-Java-Service)
2025-06-11 12:19:23 [restartedMain] INFO  com.payment.HitpayApplication - No active profile set, falling back to 1 default profile: "default"
2025-06-11 12:19:23 [restartedMain] INFO  o.s.b.d.e.DevToolsPropertyDefaultsPostProcessor - Devtools property defaults active! Set 'spring.devtools.add-properties' to 'false' to disable
2025-06-11 12:19:23 [restartedMain] INFO  o.s.b.d.e.DevToolsPropertyDefaultsPostProcessor - For additional web related logging consider setting the 'logging.level.web' property to 'DEBUG'
2025-06-11 12:19:24 [restartedMain] INFO  o.s.d.r.c.RepositoryConfigurationDelegate - Bootstrapping Spring Data JPA repositories in DEFAULT mode.
2025-06-11 12:19:24 [restartedMain] INFO  o.s.d.r.c.RepositoryConfigurationDelegate - Finished Spring Data repository scanning in 87 ms. Found 1 JPA repository interface.
2025-06-11 12:19:25 [restartedMain] INFO  o.s.b.w.e.tomcat.TomcatWebServer - Tomcat initialized with port 8090 (http)
2025-06-11 12:19:25 [restartedMain] INFO  o.s.b.w.s.c.ServletWebServerApplicationContext - Root WebApplicationContext: initialization completed in 1983 ms
2025-06-11 12:19:26 [restartedMain] INFO  o.s.o.j.p.SpringPersistenceUnitInfo - No LoadTimeWeaver setup: ignoring JPA class transformer
2025-06-11 12:19:26 [restartedMain] INFO  com.zaxxer.hikari.HikariDataSource - HikariPool-1 - Starting...
2025-06-11 12:19:26 [restartedMain] INFO  com.zaxxer.hikari.pool.HikariPool - HikariPool-1 - Added connection org.postgresql.jdbc.PgConnection@1597de56
2025-06-11 12:19:27 [restartedMain] INFO  com.zaxxer.hikari.HikariDataSource - HikariPool-1 - Start completed.
2025-06-11 12:19:27 [restartedMain] WARN  org.hibernate.orm.deprecation - HHH90000025: PostgreSQLDialect does not need to be specified explicitly using 'hibernate.dialect' (remove the property setting and it will be selected by default)
2025-06-11 12:20:46 [restartedMain] INFO  com.payment.HitpayApplication - Starting HitpayApplication using Java 17.0.13 with PID 18276 (D:\EasyTopUp-Java-Service\target\classes started by Ariv in D:\EasyTopUp-Java-Service)
2025-06-11 12:20:46 [restartedMain] INFO  com.payment.HitpayApplication - No active profile set, falling back to 1 default profile: "default"
2025-06-11 12:20:46 [restartedMain] INFO  o.s.b.d.e.DevToolsPropertyDefaultsPostProcessor - Devtools property defaults active! Set 'spring.devtools.add-properties' to 'false' to disable
2025-06-11 12:20:46 [restartedMain] INFO  o.s.b.d.e.DevToolsPropertyDefaultsPostProcessor - For additional web related logging consider setting the 'logging.level.web' property to 'DEBUG'
2025-06-11 12:20:47 [restartedMain] INFO  o.s.d.r.c.RepositoryConfigurationDelegate - Bootstrapping Spring Data JPA repositories in DEFAULT mode.
2025-06-11 12:20:47 [restartedMain] INFO  o.s.d.r.c.RepositoryConfigurationDelegate - Finished Spring Data repository scanning in 86 ms. Found 1 JPA repository interface.
2025-06-11 12:20:48 [restartedMain] INFO  o.s.b.w.e.tomcat.TomcatWebServer - Tomcat initialized with port 8090 (http)
2025-06-11 12:20:48 [restartedMain] INFO  o.a.coyote.http11.Http11NioProtocol - Initializing ProtocolHandler ["http-nio-8090"]
2025-06-11 12:20:48 [restartedMain] INFO  o.a.catalina.core.StandardService - Starting service [Tomcat]
2025-06-11 12:20:48 [restartedMain] INFO  o.a.catalina.core.StandardEngine - Starting Servlet engine: [Apache Tomcat/10.1.41]
2025-06-11 12:20:48 [restartedMain] INFO  o.a.c.c.C.[Tomcat].[localhost].[/] - Initializing Spring embedded WebApplicationContext
2025-06-11 12:20:48 [restartedMain] INFO  o.s.b.w.s.c.ServletWebServerApplicationContext - Root WebApplicationContext: initialization completed in 1942 ms
2025-06-11 12:20:48 [restartedMain] INFO  o.s.o.j.p.SpringPersistenceUnitInfo - No LoadTimeWeaver setup: ignoring JPA class transformer
2025-06-11 12:20:49 [restartedMain] INFO  com.zaxxer.hikari.HikariDataSource - HikariPool-1 - Starting...
2025-06-11 12:20:49 [restartedMain] INFO  com.zaxxer.hikari.pool.HikariPool - HikariPool-1 - Added connection org.postgresql.jdbc.PgConnection@2c64cdff
2025-06-11 12:20:49 [restartedMain] INFO  com.zaxxer.hikari.HikariDataSource - HikariPool-1 - Start completed.
2025-06-11 12:20:49 [restartedMain] WARN  org.hibernate.orm.deprecation - HHH90000025: PostgreSQLDialect does not need to be specified explicitly using 'hibernate.dialect' (remove the property setting and it will be selected by default)
2025-06-11 12:20:50 [restartedMain] INFO  o.s.o.j.LocalContainerEntityManagerFactoryBean - Initialized JPA EntityManagerFactory for persistence unit 'default'
2025-06-11 12:20:50 [restartedMain] WARN  o.s.b.a.o.j.JpaBaseConfiguration$JpaWebConfiguration - spring.jpa.open-in-view is enabled by default. Therefore, database queries may be performed during view rendering. Explicitly configure spring.jpa.open-in-view to disable this warning
2025-06-11 12:20:51 [restartedMain] INFO  o.s.b.d.a.OptionalLiveReloadServer - LiveReload server is running on port 35729
2025-06-11 12:20:51 [restartedMain] INFO  o.a.coyote.http11.Http11NioProtocol - Starting ProtocolHandler ["http-nio-8090"]
2025-06-11 12:20:51 [restartedMain] INFO  o.s.b.w.e.tomcat.TomcatWebServer - Tomcat started on port 8090 (http) with context path '/'
2025-06-11 12:20:51 [restartedMain] INFO  com.payment.HitpayApplication - Started HitpayApplication in 5.844 seconds (process running for 6.454)
2025-06-11 12:22:03 [http-nio-8090-exec-1] INFO  o.a.c.c.C.[Tomcat].[localhost].[/] - Initializing Spring DispatcherServlet 'dispatcherServlet'
2025-06-11 12:22:03 [http-nio-8090-exec-1] INFO  o.s.web.servlet.DispatcherServlet - Initializing Servlet 'dispatcherServlet'
2025-06-11 12:22:03 [http-nio-8090-exec-1] INFO  o.s.web.servlet.DispatcherServlet - Completed initialization in 2 ms
2025-06-11 12:22:03 [http-nio-8090-exec-1] INFO  c.p.g.controller.HitpayController - =>Requested to payment checkout<=
2025-06-11 12:22:51 [http-nio-8090-exec-4] INFO  c.p.g.controller.WebhookController - =>Requested to webhook listening <=
2025-06-11 12:22:51 [http-nio-8090-exec-4] INFO  c.p.g.controller.WebhookController - Webhook received | content-type=application/x-www-form-urlencoded, event-type=null, sig=[no]
2025-06-11 12:22:56 [http-nio-8090-exec-5] INFO  c.p.g.controller.WebhookController - =>Requested to webhook listening <=
2025-06-11 12:22:56 [http-nio-8090-exec-5] INFO  c.p.g.controller.WebhookController - Webhook received | content-type=application/json, event-type=created, sig=[yes]
2025-06-11 12:22:56 [http-nio-8090-exec-5] INFO  c.p.g.controller.WebhookController - Handling charge.created event
2025-06-11 12:22:56 [http-nio-8090-exec-5] INFO  c.p.g.controller.WebhookController - Requested to handlePayment
2025-06-11 12:24:13 [http-nio-8090-exec-7] INFO  c.p.g.controller.HitpayController - =>Requested to payment checkout<=
2025-06-11 12:24:43 [http-nio-8090-exec-8] INFO  c.p.g.c.TransactionController -  => Request to get transaction <=
2025-06-11 12:24:43 [http-nio-8090-exec-9] INFO  c.p.g.controller.WebhookController - =>Requested to webhook listening <=
2025-06-11 12:24:43 [http-nio-8090-exec-9] INFO  c.p.g.controller.WebhookController - Webhook received | content-type=application/x-www-form-urlencoded, event-type=null, sig=[no]
2025-06-11 12:24:45 [http-nio-8090-exec-10] INFO  c.p.g.c.TransactionController -  => Request to get transaction <=
2025-06-11 12:24:47 [http-nio-8090-exec-1] INFO  c.p.g.c.TransactionController -  => Request to get transaction <=
2025-06-11 12:24:49 [http-nio-8090-exec-4] INFO  c.p.g.controller.WebhookController - =>Requested to webhook listening <=
2025-06-11 12:24:49 [http-nio-8090-exec-4] INFO  c.p.g.controller.WebhookController - Webhook received | content-type=application/json, event-type=created, sig=[yes]
2025-06-11 12:24:49 [http-nio-8090-exec-4] INFO  c.p.g.controller.WebhookController - Handling charge.created event
2025-06-11 12:24:49 [http-nio-8090-exec-4] INFO  c.p.g.controller.WebhookController - Requested to handlePayment
2025-06-11 12:24:49 [http-nio-8090-exec-5] INFO  c.p.g.c.TransactionController -  => Request to get transaction <=
2025-06-11 12:24:51 [http-nio-8090-exec-2] INFO  c.p.g.c.TransactionController -  => Request to get transaction <=
2025-06-11 12:25:14 [SpringApplicationShutdownHook] INFO  o.s.b.w.e.tomcat.GracefulShutdown - Commencing graceful shutdown. Waiting for active requests to complete
2025-06-11 12:25:14 [tomcat-shutdown] INFO  o.s.b.w.e.tomcat.GracefulShutdown - Graceful shutdown complete
2025-06-11 12:25:14 [SpringApplicationShutdownHook] INFO  o.s.o.j.LocalContainerEntityManagerFactoryBean - Closing JPA EntityManagerFactory for persistence unit 'default'
2025-06-11 12:25:14 [SpringApplicationShutdownHook] INFO  com.zaxxer.hikari.HikariDataSource - HikariPool-1 - Shutdown initiated...
2025-06-11 12:25:14 [SpringApplicationShutdownHook] INFO  com.zaxxer.hikari.HikariDataSource - HikariPool-1 - Shutdown completed.
2025-06-11 12:25:19 [restartedMain] INFO  com.payment.HitpayApplication - Starting HitpayApplication using Java 17.0.13 with PID 20080 (D:\EasyTopUp-Java-Service\target\classes started by Ariv in D:\EasyTopUp-Java-Service)
2025-06-11 12:25:19 [restartedMain] INFO  com.payment.HitpayApplication - No active profile set, falling back to 1 default profile: "default"
2025-06-11 12:25:19 [restartedMain] INFO  o.s.b.d.e.DevToolsPropertyDefaultsPostProcessor - Devtools property defaults active! Set 'spring.devtools.add-properties' to 'false' to disable
2025-06-11 12:25:19 [restartedMain] INFO  o.s.b.d.e.DevToolsPropertyDefaultsPostProcessor - For additional web related logging consider setting the 'logging.level.web' property to 'DEBUG'
2025-06-11 12:25:20 [restartedMain] INFO  o.s.d.r.c.RepositoryConfigurationDelegate - Bootstrapping Spring Data JPA repositories in DEFAULT mode.
2025-06-11 12:25:20 [restartedMain] INFO  o.s.d.r.c.RepositoryConfigurationDelegate - Finished Spring Data repository scanning in 82 ms. Found 1 JPA repository interface.
2025-06-11 12:25:21 [restartedMain] INFO  o.s.b.w.e.tomcat.TomcatWebServer - Tomcat initialized with port 8090 (http)
2025-06-11 12:25:21 [restartedMain] INFO  o.a.coyote.http11.Http11NioProtocol - Initializing ProtocolHandler ["http-nio-8090"]
2025-06-11 12:25:21 [restartedMain] INFO  o.a.catalina.core.StandardService - Starting service [Tomcat]
2025-06-11 12:25:21 [restartedMain] INFO  o.a.catalina.core.StandardEngine - Starting Servlet engine: [Apache Tomcat/10.1.41]
2025-06-11 12:25:21 [restartedMain] INFO  o.a.c.c.C.[Tomcat].[localhost].[/] - Initializing Spring embedded WebApplicationContext
2025-06-11 12:25:21 [restartedMain] INFO  o.s.b.w.s.c.ServletWebServerApplicationContext - Root WebApplicationContext: initialization completed in 1805 ms
2025-06-11 12:25:22 [restartedMain] INFO  o.s.o.j.p.SpringPersistenceUnitInfo - No LoadTimeWeaver setup: ignoring JPA class transformer
2025-06-11 12:25:22 [restartedMain] INFO  com.zaxxer.hikari.HikariDataSource - HikariPool-1 - Starting...
2025-06-11 12:25:22 [restartedMain] INFO  com.zaxxer.hikari.pool.HikariPool - HikariPool-1 - Added connection org.postgresql.jdbc.PgConnection@50a02c82
2025-06-11 12:25:22 [restartedMain] INFO  com.zaxxer.hikari.HikariDataSource - HikariPool-1 - Start completed.
2025-06-11 12:25:22 [restartedMain] WARN  org.hibernate.orm.deprecation - HHH90000025: PostgreSQLDialect does not need to be specified explicitly using 'hibernate.dialect' (remove the property setting and it will be selected by default)
2025-06-11 12:25:23 [restartedMain] INFO  o.s.o.j.LocalContainerEntityManagerFactoryBean - Initialized JPA EntityManagerFactory for persistence unit 'default'
2025-06-11 12:25:24 [restartedMain] WARN  o.s.b.a.o.j.JpaBaseConfiguration$JpaWebConfiguration - spring.jpa.open-in-view is enabled by default. Therefore, database queries may be performed during view rendering. Explicitly configure spring.jpa.open-in-view to disable this warning
2025-06-11 12:25:24 [restartedMain] INFO  o.s.b.d.a.OptionalLiveReloadServer - LiveReload server is running on port 35729
2025-06-11 12:25:24 [restartedMain] INFO  o.a.coyote.http11.Http11NioProtocol - Starting ProtocolHandler ["http-nio-8090"]
2025-06-11 12:25:24 [restartedMain] INFO  o.s.b.w.e.tomcat.TomcatWebServer - Tomcat started on port 8090 (http) with context path '/'
2025-06-11 12:25:24 [restartedMain] INFO  com.payment.HitpayApplication - Started HitpayApplication in 6.403 seconds (process running for 6.999)
2025-06-11 12:27:20 [SpringApplicationShutdownHook] INFO  o.s.b.w.e.tomcat.GracefulShutdown - Commencing graceful shutdown. Waiting for active requests to complete
2025-06-11 12:27:20 [tomcat-shutdown] INFO  o.s.b.w.e.tomcat.GracefulShutdown - Graceful shutdown complete
2025-06-11 12:27:20 [SpringApplicationShutdownHook] INFO  o.s.o.j.LocalContainerEntityManagerFactoryBean - Closing JPA EntityManagerFactory for persistence unit 'default'
2025-06-11 12:27:20 [SpringApplicationShutdownHook] INFO  com.zaxxer.hikari.HikariDataSource - HikariPool-1 - Shutdown initiated...
2025-06-11 12:27:20 [SpringApplicationShutdownHook] INFO  com.zaxxer.hikari.HikariDataSource - HikariPool-1 - Shutdown completed.
2025-06-11 12:46:38 [restartedMain] INFO  com.payment.HitpayApplication - Starting HitpayApplication using Java 17.0.13 with PID 7592 (D:\EasyTopUp-Java-Service\target\classes started by Ariv in D:\EasyTopUp-Java-Service)
2025-06-11 12:46:38 [restartedMain] INFO  com.payment.HitpayApplication - No active profile set, falling back to 1 default profile: "default"
2025-06-11 12:46:38 [restartedMain] INFO  o.s.b.d.e.DevToolsPropertyDefaultsPostProcessor - Devtools property defaults active! Set 'spring.devtools.add-properties' to 'false' to disable
2025-06-11 12:46:38 [restartedMain] INFO  o.s.b.d.e.DevToolsPropertyDefaultsPostProcessor - For additional web related logging consider setting the 'logging.level.web' property to 'DEBUG'
2025-06-11 12:46:39 [restartedMain] INFO  o.s.d.r.c.RepositoryConfigurationDelegate - Bootstrapping Spring Data JPA repositories in DEFAULT mode.
2025-06-11 12:46:39 [restartedMain] INFO  o.s.d.r.c.RepositoryConfigurationDelegate - Finished Spring Data repository scanning in 78 ms. Found 1 JPA repository interface.
2025-06-11 12:46:39 [restartedMain] INFO  o.s.b.w.e.tomcat.TomcatWebServer - Tomcat initialized with port 8090 (http)
2025-06-11 12:46:39 [restartedMain] INFO  o.a.coyote.http11.Http11NioProtocol - Initializing ProtocolHandler ["http-nio-8090"]
2025-06-11 12:46:39 [restartedMain] INFO  o.a.catalina.core.StandardService - Starting service [Tomcat]
2025-06-11 12:46:39 [restartedMain] INFO  o.a.catalina.core.StandardEngine - Starting Servlet engine: [Apache Tomcat/10.1.41]
2025-06-11 12:46:39 [restartedMain] INFO  o.a.c.c.C.[Tomcat].[localhost].[/] - Initializing Spring embedded WebApplicationContext
2025-06-11 12:46:39 [restartedMain] INFO  o.s.b.w.s.c.ServletWebServerApplicationContext - Root WebApplicationContext: initialization completed in 1640 ms
2025-06-11 12:46:40 [restartedMain] INFO  o.s.o.j.p.SpringPersistenceUnitInfo - No LoadTimeWeaver setup: ignoring JPA class transformer
2025-06-11 12:46:40 [restartedMain] INFO  com.zaxxer.hikari.HikariDataSource - HikariPool-1 - Starting...
2025-06-11 12:46:40 [restartedMain] INFO  com.zaxxer.hikari.pool.HikariPool - HikariPool-1 - Added connection org.postgresql.jdbc.PgConnection@5e472b29
2025-06-11 12:46:40 [restartedMain] INFO  com.zaxxer.hikari.HikariDataSource - HikariPool-1 - Start completed.
2025-06-11 12:46:40 [restartedMain] WARN  org.hibernate.orm.deprecation - HHH90000025: PostgreSQLDialect does not need to be specified explicitly using 'hibernate.dialect' (remove the property setting and it will be selected by default)
2025-06-11 12:46:41 [restartedMain] INFO  o.s.o.j.LocalContainerEntityManagerFactoryBean - Initialized JPA EntityManagerFactory for persistence unit 'default'
2025-06-11 12:46:41 [restartedMain] WARN  o.s.b.a.o.j.JpaBaseConfiguration$JpaWebConfiguration - spring.jpa.open-in-view is enabled by default. Therefore, database queries may be performed during view rendering. Explicitly configure spring.jpa.open-in-view to disable this warning
2025-06-11 12:46:42 [restartedMain] INFO  o.s.b.d.a.OptionalLiveReloadServer - LiveReload server is running on port 35729
2025-06-11 12:46:42 [restartedMain] INFO  o.a.coyote.http11.Http11NioProtocol - Starting ProtocolHandler ["http-nio-8090"]
2025-06-11 12:46:42 [restartedMain] INFO  o.s.b.w.e.tomcat.TomcatWebServer - Tomcat started on port 8090 (http) with context path '/'
2025-06-11 12:46:42 [restartedMain] INFO  com.payment.HitpayApplication - Started HitpayApplication in 4.714 seconds (process running for 5.167)
2025-06-11 12:46:43 [http-nio-8090-exec-1] INFO  o.a.c.c.C.[Tomcat].[localhost].[/] - Initializing Spring DispatcherServlet 'dispatcherServlet'
2025-06-11 12:46:43 [http-nio-8090-exec-1] INFO  o.s.web.servlet.DispatcherServlet - Initializing Servlet 'dispatcherServlet'
2025-06-11 12:46:43 [http-nio-8090-exec-1] INFO  o.s.web.servlet.DispatcherServlet - Completed initialization in 1 ms
2025-06-11 12:46:43 [http-nio-8090-exec-3] INFO  c.p.g.controller.HitpayController - =>Requested to payment checkout<=
2025-06-11 12:46:43 [http-nio-8090-exec-4] INFO  c.p.g.controller.HitpayController - =>Requested to payment checkout<=
2025-06-11 12:47:13 [http-nio-8090-exec-5] INFO  c.p.g.c.TransactionController -  => Request to get transaction <=
2025-06-11 12:47:15 [http-nio-8090-exec-6] INFO  c.p.g.c.TransactionController -  => Request to get transaction <=
2025-06-11 12:47:16 [http-nio-8090-exec-7] INFO  c.p.g.controller.WebhookController - =>Requested to webhook listening <=
2025-06-11 12:47:16 [http-nio-8090-exec-7] INFO  c.p.g.controller.WebhookController - Webhook received | content-type=application/x-www-form-urlencoded, event-type=null, sig=[no]
2025-06-11 12:47:17 [http-nio-8090-exec-8] INFO  c.p.g.c.TransactionController -  => Request to get transaction <=
2025-06-11 12:47:18 [http-nio-8090-exec-9] INFO  c.p.g.controller.WebhookController - =>Requested to webhook listening <=
2025-06-11 12:47:18 [http-nio-8090-exec-9] INFO  c.p.g.controller.WebhookController - Webhook received | content-type=application/json, event-type=created, sig=[yes]
2025-06-11 12:47:18 [http-nio-8090-exec-9] INFO  c.p.g.controller.WebhookController - Handling charge.created event
2025-06-11 12:47:18 [http-nio-8090-exec-9] INFO  c.p.g.controller.WebhookController - Requested to handlePayment
2025-06-11 12:47:19 [http-nio-8090-exec-10] INFO  c.p.g.c.TransactionController -  => Request to get transaction <=
2025-06-11 12:47:47 [http-nio-8090-exec-3] INFO  c.p.g.controller.HitpayController - =>Requested to payment checkout<=
2025-06-11 12:48:21 [http-nio-8090-exec-7] INFO  c.p.g.c.TransactionController -  => Request to get transaction <=
2025-06-11 12:48:23 [http-nio-8090-exec-8] INFO  c.p.g.c.TransactionController -  => Request to get transaction <=
2025-06-11 12:48:24 [http-nio-8090-exec-9] INFO  c.p.g.controller.WebhookController - =>Requested to webhook listening <=
2025-06-11 12:48:24 [http-nio-8090-exec-9] INFO  c.p.g.controller.WebhookController - Webhook received | content-type=application/x-www-form-urlencoded, event-type=null, sig=[no]
2025-06-11 12:48:25 [http-nio-8090-exec-10] INFO  c.p.g.c.TransactionController -  => Request to get transaction <=
2025-06-11 12:48:27 [http-nio-8090-exec-1] INFO  c.p.g.controller.WebhookController - =>Requested to webhook listening <=
2025-06-11 12:48:27 [http-nio-8090-exec-1] INFO  c.p.g.controller.WebhookController - Webhook received | content-type=application/json, event-type=created, sig=[yes]
2025-06-11 12:48:27 [http-nio-8090-exec-1] INFO  c.p.g.controller.WebhookController - Handling charge.created event
2025-06-11 12:48:27 [http-nio-8090-exec-1] INFO  c.p.g.controller.WebhookController - Requested to handlePayment
2025-06-11 12:48:28 [http-nio-8090-exec-2] INFO  c.p.g.c.TransactionController -  => Request to get transaction <=
2025-06-11 12:48:31 [http-nio-8090-exec-4] INFO  c.p.g.c.TransactionController -  => Request to get transaction <=
2025-06-11 12:51:54 [http-nio-8090-exec-7] INFO  c.p.g.controller.HitpayController - =>Requested to payment checkout<=
2025-06-11 12:52:29 [http-nio-8090-exec-8] INFO  c.p.g.c.TransactionController -  => Request to get transaction <=
2025-06-11 12:52:30 [http-nio-8090-exec-9] INFO  c.p.g.controller.WebhookController - =>Requested to webhook listening <=
2025-06-11 12:52:30 [http-nio-8090-exec-9] INFO  c.p.g.controller.WebhookController - Webhook received | content-type=application/x-www-form-urlencoded, event-type=null, sig=[no]
2025-06-11 12:52:31 [http-nio-8090-exec-10] INFO  c.p.g.c.TransactionController -  => Request to get transaction <=
2025-06-11 12:52:33 [http-nio-8090-exec-2] INFO  c.p.g.controller.WebhookController - =>Requested to webhook listening <=
2025-06-11 12:52:33 [http-nio-8090-exec-2] INFO  c.p.g.controller.WebhookController - Webhook received | content-type=application/json, event-type=created, sig=[yes]
2025-06-11 12:52:33 [http-nio-8090-exec-2] INFO  c.p.g.controller.WebhookController - Handling charge.created event
2025-06-11 12:52:33 [http-nio-8090-exec-2] INFO  c.p.g.controller.WebhookController - Requested to handlePayment
2025-06-11 12:52:33 [http-nio-8090-exec-1] INFO  c.p.g.c.TransactionController -  => Request to get transaction <=
2025-06-11 12:52:35 [http-nio-8090-exec-4] INFO  c.p.g.c.TransactionController -  => Request to get transaction <=
2025-06-11 12:56:22 [http-nio-8090-exec-7] INFO  c.p.g.controller.WebhookController - =>Requested to webhook listening <=
2025-06-11 12:56:22 [http-nio-8090-exec-7] INFO  c.p.g.controller.WebhookController - Webhook received | content-type=application/json, event-type=created, sig=[yes]
2025-06-11 12:56:22 [http-nio-8090-exec-7] INFO  c.p.g.controller.WebhookController - Handling charge.created event
2025-06-11 12:56:22 [http-nio-8090-exec-7] INFO  c.p.g.controller.WebhookController - Requested to handlePayment
2025-06-11 13:00:13 [http-nio-8090-exec-9] INFO  c.p.g.controller.WebhookController - =>Requested to webhook listening <=
2025-06-11 13:00:13 [http-nio-8090-exec-9] INFO  c.p.g.controller.WebhookController - Webhook received | content-type=application/x-www-form-urlencoded, event-type=null, sig=[no]
2025-06-11 13:08:24 [http-nio-8090-exec-1] INFO  c.p.g.controller.HitpayController - =>Requested to payment checkout<=
2025-06-11 13:08:56 [http-nio-8090-exec-2] INFO  c.p.g.c.TransactionController -  => Request to get transaction <=
2025-06-11 13:08:56 [http-nio-8090-exec-4] INFO  c.p.g.controller.WebhookController - =>Requested to webhook listening <=
2025-06-11 13:08:56 [http-nio-8090-exec-4] INFO  c.p.g.controller.WebhookController - Webhook received | content-type=application/x-www-form-urlencoded, event-type=null, sig=[no]
2025-06-11 13:08:58 [http-nio-8090-exec-3] INFO  c.p.g.controller.WebhookController - =>Requested to webhook listening <=
2025-06-11 13:08:58 [http-nio-8090-exec-3] INFO  c.p.g.controller.WebhookController - Webhook received | content-type=application/json, event-type=created, sig=[yes]
2025-06-11 13:08:58 [http-nio-8090-exec-3] INFO  c.p.g.controller.WebhookController - Handling charge.created event
2025-06-11 13:08:58 [http-nio-8090-exec-3] INFO  c.p.g.controller.WebhookController - Requested to handlePayment
2025-06-11 13:08:59 [http-nio-8090-exec-5] INFO  c.p.g.c.TransactionController -  => Request to get transaction <=
2025-06-11 13:09:02 [http-nio-8090-exec-6] INFO  c.p.g.c.TransactionController -  => Request to get transaction <=
2025-06-11 13:09:53 [http-nio-8090-exec-8] INFO  c.p.g.controller.HitpayController - =>Requested to payment checkout<=
2025-06-11 13:11:17 [http-nio-8090-exec-2] INFO  c.p.g.c.TransactionController -  => Request to get transaction <=
2025-06-11 13:11:18 [http-nio-8090-exec-4] INFO  c.p.g.controller.WebhookController - =>Requested to webhook listening <=
2025-06-11 13:11:18 [http-nio-8090-exec-4] INFO  c.p.g.controller.WebhookController - Webhook received | content-type=application/x-www-form-urlencoded, event-type=null, sig=[no]
2025-06-11 13:11:20 [http-nio-8090-exec-5] INFO  c.p.g.c.TransactionController -  => Request to get transaction <=
2025-06-11 13:11:21 [http-nio-8090-exec-3] INFO  c.p.g.controller.WebhookController - =>Requested to webhook listening <=
2025-06-11 13:11:21 [http-nio-8090-exec-3] INFO  c.p.g.controller.WebhookController - Webhook received | content-type=application/json, event-type=created, sig=[yes]
2025-06-11 13:11:21 [http-nio-8090-exec-3] INFO  c.p.g.controller.WebhookController - Handling charge.created event
2025-06-11 13:11:21 [http-nio-8090-exec-3] INFO  c.p.g.controller.WebhookController - Requested to handlePayment
2025-06-11 13:11:22 [http-nio-8090-exec-6] INFO  c.p.g.c.TransactionController -  => Request to get transaction <=
2025-06-11 13:11:24 [http-nio-8090-exec-7] INFO  c.p.g.c.TransactionController -  => Request to get transaction <=
2025-06-11 13:48:03 [http-nio-8090-exec-4] INFO  c.p.g.controller.HitpayController - =>Requested to payment checkout<=
2025-06-11 13:48:03 [http-nio-8090-exec-5] INFO  c.p.g.controller.HitpayController - =>Requested to payment checkout<=
2025-06-11 13:48:11 [HikariPool-1:housekeeper] WARN  com.zaxxer.hikari.pool.HikariPool - HikariPool-1 - Thread starvation or clock leap detected (housekeeper delta=7m194ms943µs200ns).
2025-06-11 13:48:36 [http-nio-8090-exec-6] INFO  c.p.g.c.TransactionController -  => Request to get transaction <=
2025-06-11 13:48:38 [http-nio-8090-exec-3] INFO  c.p.g.controller.WebhookController - =>Requested to webhook listening <=
2025-06-11 13:48:38 [http-nio-8090-exec-3] INFO  c.p.g.controller.WebhookController - Webhook received | content-type=application/x-www-form-urlencoded, event-type=null, sig=[no]
2025-06-11 13:48:38 [http-nio-8090-exec-7] INFO  c.p.g.c.TransactionController -  => Request to get transaction <=
2025-06-11 13:48:40 [http-nio-8090-exec-8] INFO  c.p.g.c.TransactionController -  => Request to get transaction <=
2025-06-11 13:48:42 [http-nio-8090-exec-9] INFO  c.p.g.c.TransactionController -  => Request to get transaction <=
2025-06-11 13:48:43 [http-nio-8090-exec-10] INFO  c.p.g.controller.WebhookController - =>Requested to webhook listening <=
2025-06-11 13:48:43 [http-nio-8090-exec-10] INFO  c.p.g.controller.WebhookController - Webhook received | content-type=application/json, event-type=created, sig=[yes]
2025-06-11 13:48:43 [http-nio-8090-exec-10] INFO  c.p.g.controller.WebhookController - Handling charge.created event
2025-06-11 13:48:43 [http-nio-8090-exec-10] INFO  c.p.g.controller.WebhookController - Requested to handlePayment
2025-06-11 13:48:44 [http-nio-8090-exec-2] INFO  c.p.g.c.TransactionController -  => Request to get transaction <=
2025-06-11 13:59:46 [SpringApplicationShutdownHook] INFO  o.s.b.w.e.tomcat.GracefulShutdown - Commencing graceful shutdown. Waiting for active requests to complete
2025-06-11 13:59:46 [tomcat-shutdown] INFO  o.s.b.w.e.tomcat.GracefulShutdown - Graceful shutdown complete
2025-06-11 13:59:46 [SpringApplicationShutdownHook] INFO  o.s.o.j.LocalContainerEntityManagerFactoryBean - Closing JPA EntityManagerFactory for persistence unit 'default'
2025-06-11 13:59:46 [SpringApplicationShutdownHook] INFO  com.zaxxer.hikari.HikariDataSource - HikariPool-1 - Shutdown initiated...
2025-06-11 13:59:46 [SpringApplicationShutdownHook] INFO  com.zaxxer.hikari.HikariDataSource - HikariPool-1 - Shutdown completed.
2025-06-11 14:14:49 [restartedMain] INFO  com.payment.HitpayApplication - Starting HitpayApplication using Java 17.0.13 with PID 228 (D:\EasyTopUp-Java-Service\target\classes started by Ariv in D:\EasyTopUp-Java-Service)
2025-06-11 14:14:49 [restartedMain] INFO  com.payment.HitpayApplication - No active profile set, falling back to 1 default profile: "default"
2025-06-11 14:14:49 [restartedMain] INFO  o.s.b.d.e.DevToolsPropertyDefaultsPostProcessor - Devtools property defaults active! Set 'spring.devtools.add-properties' to 'false' to disable
2025-06-11 14:14:49 [restartedMain] INFO  o.s.b.d.e.DevToolsPropertyDefaultsPostProcessor - For additional web related logging consider setting the 'logging.level.web' property to 'DEBUG'
2025-06-11 14:14:49 [restartedMain] INFO  o.s.d.r.c.RepositoryConfigurationDelegate - Bootstrapping Spring Data JPA repositories in DEFAULT mode.
2025-06-11 14:14:49 [restartedMain] INFO  o.s.d.r.c.RepositoryConfigurationDelegate - Finished Spring Data repository scanning in 52 ms. Found 1 JPA repository interface.
2025-06-11 14:14:50 [restartedMain] INFO  o.s.b.w.e.tomcat.TomcatWebServer - Tomcat initialized with port 8090 (http)
2025-06-11 14:14:50 [restartedMain] INFO  o.a.coyote.http11.Http11NioProtocol - Initializing ProtocolHandler ["http-nio-8090"]
2025-06-11 14:14:50 [restartedMain] INFO  o.a.catalina.core.StandardService - Starting service [Tomcat]
2025-06-11 14:14:50 [restartedMain] INFO  o.a.catalina.core.StandardEngine - Starting Servlet engine: [Apache Tomcat/10.1.41]
2025-06-11 14:14:50 [restartedMain] INFO  o.a.c.c.C.[Tomcat].[localhost].[/] - Initializing Spring embedded WebApplicationContext
2025-06-11 14:14:50 [restartedMain] INFO  o.s.b.w.s.c.ServletWebServerApplicationContext - Root WebApplicationContext: initialization completed in 1402 ms
2025-06-11 14:14:51 [restartedMain] INFO  o.s.o.j.p.SpringPersistenceUnitInfo - No LoadTimeWeaver setup: ignoring JPA class transformer
2025-06-11 14:14:51 [restartedMain] INFO  com.zaxxer.hikari.HikariDataSource - HikariPool-1 - Starting...
2025-06-11 14:14:51 [restartedMain] INFO  com.zaxxer.hikari.pool.HikariPool - HikariPool-1 - Added connection org.postgresql.jdbc.PgConnection@101340a5
2025-06-11 14:14:51 [restartedMain] INFO  com.zaxxer.hikari.HikariDataSource - HikariPool-1 - Start completed.
2025-06-11 14:14:51 [restartedMain] WARN  org.hibernate.orm.deprecation - HHH90000025: PostgreSQLDialect does not need to be specified explicitly using 'hibernate.dialect' (remove the property setting and it will be selected by default)
2025-06-11 14:14:52 [restartedMain] INFO  o.s.o.j.LocalContainerEntityManagerFactoryBean - Initialized JPA EntityManagerFactory for persistence unit 'default'
2025-06-11 14:14:52 [restartedMain] WARN  o.s.b.a.o.j.JpaBaseConfiguration$JpaWebConfiguration - spring.jpa.open-in-view is enabled by default. Therefore, database queries may be performed during view rendering. Explicitly configure spring.jpa.open-in-view to disable this warning
2025-06-11 14:14:53 [restartedMain] INFO  o.s.b.d.a.OptionalLiveReloadServer - LiveReload server is running on port 35729
2025-06-11 14:14:53 [restartedMain] INFO  o.a.coyote.http11.Http11NioProtocol - Starting ProtocolHandler ["http-nio-8090"]
2025-06-11 14:14:53 [restartedMain] INFO  o.s.b.w.e.tomcat.TomcatWebServer - Tomcat started on port 8090 (http) with context path '/'
2025-06-11 14:14:53 [restartedMain] INFO  com.payment.HitpayApplication - Started HitpayApplication in 4.595 seconds (process running for 5.117)
2025-06-11 14:15:05 [http-nio-8090-exec-1] INFO  o.a.c.c.C.[Tomcat].[localhost].[/] - Initializing Spring DispatcherServlet 'dispatcherServlet'
2025-06-11 14:15:05 [http-nio-8090-exec-1] INFO  o.s.web.servlet.DispatcherServlet - Initializing Servlet 'dispatcherServlet'
2025-06-11 14:15:05 [http-nio-8090-exec-1] INFO  o.s.web.servlet.DispatcherServlet - Completed initialization in 1 ms
2025-06-11 14:15:05 [http-nio-8090-exec-1] INFO  c.p.g.c.TransactionController -  => Request to get transaction <=
2025-06-11 14:15:11 [http-nio-8090-exec-2] INFO  c.p.g.c.TransactionController -  => Request to get transaction <=
2025-06-11 14:15:45 [http-nio-8090-exec-3] INFO  c.p.g.c.TransactionController -  => Request to get transaction <=
2025-06-11 14:16:39 [SpringApplicationShutdownHook] INFO  o.s.b.w.e.tomcat.GracefulShutdown - Commencing graceful shutdown. Waiting for active requests to complete
2025-06-11 14:16:39 [tomcat-shutdown] INFO  o.s.b.w.e.tomcat.GracefulShutdown - Graceful shutdown complete
2025-06-11 14:16:39 [SpringApplicationShutdownHook] INFO  o.s.o.j.LocalContainerEntityManagerFactoryBean - Closing JPA EntityManagerFactory for persistence unit 'default'
2025-06-11 14:16:39 [SpringApplicationShutdownHook] INFO  com.zaxxer.hikari.HikariDataSource - HikariPool-1 - Shutdown initiated...
2025-06-11 14:16:39 [SpringApplicationShutdownHook] INFO  com.zaxxer.hikari.HikariDataSource - HikariPool-1 - Shutdown completed.
2025-06-11 14:16:43 [restartedMain] INFO  com.payment.HitpayApplication - Starting HitpayApplication using Java 17.0.13 with PID 20728 (D:\EasyTopUp-Java-Service\target\classes started by Ariv in D:\EasyTopUp-Java-Service)
2025-06-11 14:16:43 [restartedMain] INFO  com.payment.HitpayApplication - No active profile set, falling back to 1 default profile: "default"
2025-06-11 14:16:43 [restartedMain] INFO  o.s.b.d.e.DevToolsPropertyDefaultsPostProcessor - Devtools property defaults active! Set 'spring.devtools.add-properties' to 'false' to disable
2025-06-11 14:16:43 [restartedMain] INFO  o.s.b.d.e.DevToolsPropertyDefaultsPostProcessor - For additional web related logging consider setting the 'logging.level.web' property to 'DEBUG'
2025-06-11 14:16:44 [restartedMain] INFO  o.s.d.r.c.RepositoryConfigurationDelegate - Bootstrapping Spring Data JPA repositories in DEFAULT mode.
2025-06-11 14:16:44 [restartedMain] INFO  o.s.d.r.c.RepositoryConfigurationDelegate - Finished Spring Data repository scanning in 79 ms. Found 1 JPA repository interface.
2025-06-11 14:16:44 [restartedMain] INFO  o.s.b.w.e.tomcat.TomcatWebServer - Tomcat initialized with port 8090 (http)
2025-06-11 14:16:44 [restartedMain] INFO  o.a.coyote.http11.Http11NioProtocol - Initializing ProtocolHandler ["http-nio-8090"]
2025-06-11 14:16:44 [restartedMain] INFO  o.a.catalina.core.StandardService - Starting service [Tomcat]
2025-06-11 14:16:44 [restartedMain] INFO  o.a.catalina.core.StandardEngine - Starting Servlet engine: [Apache Tomcat/10.1.41]
2025-06-11 14:16:45 [restartedMain] INFO  o.a.c.c.C.[Tomcat].[localhost].[/] - Initializing Spring embedded WebApplicationContext
2025-06-11 14:16:45 [restartedMain] INFO  o.s.b.w.s.c.ServletWebServerApplicationContext - Root WebApplicationContext: initialization completed in 1362 ms
2025-06-11 14:16:45 [restartedMain] INFO  o.s.o.j.p.SpringPersistenceUnitInfo - No LoadTimeWeaver setup: ignoring JPA class transformer
2025-06-11 14:16:45 [restartedMain] INFO  com.zaxxer.hikari.HikariDataSource - HikariPool-1 - Starting...
2025-06-11 14:16:45 [restartedMain] INFO  com.zaxxer.hikari.pool.HikariPool - HikariPool-1 - Added connection org.postgresql.jdbc.PgConnection@450d13da
2025-06-11 14:16:45 [restartedMain] INFO  com.zaxxer.hikari.HikariDataSource - HikariPool-1 - Start completed.
2025-06-11 14:16:45 [restartedMain] WARN  org.hibernate.orm.deprecation - HHH90000025: PostgreSQLDialect does not need to be specified explicitly using 'hibernate.dialect' (remove the property setting and it will be selected by default)
2025-06-11 14:16:46 [restartedMain] INFO  o.s.o.j.LocalContainerEntityManagerFactoryBean - Initialized JPA EntityManagerFactory for persistence unit 'default'
2025-06-11 14:16:47 [restartedMain] WARN  o.s.b.a.o.j.JpaBaseConfiguration$JpaWebConfiguration - spring.jpa.open-in-view is enabled by default. Therefore, database queries may be performed during view rendering. Explicitly configure spring.jpa.open-in-view to disable this warning
2025-06-11 14:16:47 [restartedMain] INFO  o.s.b.d.a.OptionalLiveReloadServer - LiveReload server is running on port 35729
2025-06-11 14:16:47 [restartedMain] INFO  o.a.coyote.http11.Http11NioProtocol - Starting ProtocolHandler ["http-nio-8090"]
2025-06-11 14:16:47 [restartedMain] INFO  o.s.b.w.e.tomcat.TomcatWebServer - Tomcat started on port 8090 (http) with context path '/'
2025-06-11 14:16:47 [restartedMain] INFO  com.payment.HitpayApplication - Started HitpayApplication in 4.444 seconds (process running for 4.86)
2025-06-11 14:17:05 [http-nio-8090-exec-1] INFO  o.a.c.c.C.[Tomcat].[localhost].[/] - Initializing Spring DispatcherServlet 'dispatcherServlet'
2025-06-11 14:17:05 [http-nio-8090-exec-1] INFO  o.s.web.servlet.DispatcherServlet - Initializing Servlet 'dispatcherServlet'
2025-06-11 14:17:05 [http-nio-8090-exec-1] INFO  o.s.web.servlet.DispatcherServlet - Completed initialization in 1 ms
2025-06-11 14:17:05 [http-nio-8090-exec-1] INFO  c.p.g.c.TransactionController -  => Request to get transaction <=
2025-06-11 14:17:28 [http-nio-8090-exec-4] INFO  c.p.g.c.TransactionController -  => Request to get transaction <=
2025-06-11 14:18:10 [http-nio-8090-exec-3] INFO  c.p.g.c.TransactionController -  => Request to get transaction <=
2025-06-11 14:18:44 [http-nio-8090-exec-5] INFO  c.p.g.c.TransactionController -  => Request to get transaction <=
2025-06-11 14:19:01 [http-nio-8090-exec-6] INFO  c.p.g.c.TransactionController -  => Request to get transaction <=
2025-06-11 14:19:22 [http-nio-8090-exec-7] INFO  c.p.g.c.TransactionController -  => Request to get transaction <=
2025-06-11 14:19:32 [http-nio-8090-exec-8] INFO  c.p.g.c.TransactionController -  => Request to get transaction <=
2025-06-11 14:19:43 [http-nio-8090-exec-9] INFO  c.p.g.c.TransactionController -  => Request to get transaction <=
2025-06-11 14:21:33 [SpringApplicationShutdownHook] INFO  o.s.b.w.e.tomcat.GracefulShutdown - Commencing graceful shutdown. Waiting for active requests to complete
2025-06-11 14:21:33 [tomcat-shutdown] INFO  o.s.b.w.e.tomcat.GracefulShutdown - Graceful shutdown complete
2025-06-11 14:21:33 [SpringApplicationShutdownHook] INFO  o.s.o.j.LocalContainerEntityManagerFactoryBean - Closing JPA EntityManagerFactory for persistence unit 'default'
2025-06-11 14:21:33 [SpringApplicationShutdownHook] INFO  com.zaxxer.hikari.HikariDataSource - HikariPool-1 - Shutdown initiated...
2025-06-11 14:21:33 [SpringApplicationShutdownHook] INFO  com.zaxxer.hikari.HikariDataSource - HikariPool-1 - Shutdown completed.
2025-06-11 14:21:53 [restartedMain] INFO  com.payment.HitpayApplication - Starting HitpayApplication using Java 17.0.13 with PID 13964 (D:\EasyTopUp-Java-Service\target\classes started by Ariv in D:\EasyTopUp-Java-Service)
2025-06-11 14:21:53 [restartedMain] INFO  com.payment.HitpayApplication - No active profile set, falling back to 1 default profile: "default"
2025-06-11 14:21:53 [restartedMain] INFO  o.s.b.d.e.DevToolsPropertyDefaultsPostProcessor - Devtools property defaults active! Set 'spring.devtools.add-properties' to 'false' to disable
2025-06-11 14:21:53 [restartedMain] INFO  o.s.b.d.e.DevToolsPropertyDefaultsPostProcessor - For additional web related logging consider setting the 'logging.level.web' property to 'DEBUG'
2025-06-11 14:21:54 [restartedMain] INFO  o.s.d.r.c.RepositoryConfigurationDelegate - Bootstrapping Spring Data JPA repositories in DEFAULT mode.
2025-06-11 14:21:54 [restartedMain] INFO  o.s.d.r.c.RepositoryConfigurationDelegate - Finished Spring Data repository scanning in 71 ms. Found 1 JPA repository interface.
2025-06-11 14:21:54 [restartedMain] INFO  o.s.b.w.e.tomcat.TomcatWebServer - Tomcat initialized with port 8085 (http)
2025-06-11 14:21:54 [restartedMain] INFO  o.a.coyote.http11.Http11NioProtocol - Initializing ProtocolHandler ["http-nio-8085"]
2025-06-11 14:21:54 [restartedMain] INFO  o.a.catalina.core.StandardService - Starting service [Tomcat]
2025-06-11 14:21:54 [restartedMain] INFO  o.a.catalina.core.StandardEngine - Starting Servlet engine: [Apache Tomcat/10.1.41]
2025-06-11 14:21:54 [restartedMain] INFO  o.a.c.c.C.[Tomcat].[localhost].[/] - Initializing Spring embedded WebApplicationContext
2025-06-11 14:21:54 [restartedMain] INFO  o.s.b.w.s.c.ServletWebServerApplicationContext - Root WebApplicationContext: initialization completed in 1457 ms
2025-06-11 14:21:55 [restartedMain] INFO  o.s.o.j.p.SpringPersistenceUnitInfo - No LoadTimeWeaver setup: ignoring JPA class transformer
2025-06-11 14:21:55 [restartedMain] INFO  com.zaxxer.hikari.HikariDataSource - HikariPool-1 - Starting...
2025-06-11 14:21:55 [restartedMain] INFO  com.zaxxer.hikari.pool.HikariPool - HikariPool-1 - Added connection org.postgresql.jdbc.PgConnection@24e36916
2025-06-11 14:21:55 [restartedMain] INFO  com.zaxxer.hikari.HikariDataSource - HikariPool-1 - Start completed.
2025-06-11 14:21:55 [restartedMain] WARN  org.hibernate.orm.deprecation - HHH90000025: PostgreSQLDialect does not need to be specified explicitly using 'hibernate.dialect' (remove the property setting and it will be selected by default)
2025-06-11 14:21:56 [restartedMain] INFO  o.s.o.j.LocalContainerEntityManagerFactoryBean - Initialized JPA EntityManagerFactory for persistence unit 'default'
2025-06-11 14:21:56 [restartedMain] WARN  o.s.b.a.o.j.JpaBaseConfiguration$JpaWebConfiguration - spring.jpa.open-in-view is enabled by default. Therefore, database queries may be performed during view rendering. Explicitly configure spring.jpa.open-in-view to disable this warning
2025-06-11 14:21:57 [restartedMain] INFO  o.s.b.d.a.OptionalLiveReloadServer - LiveReload server is running on port 35729
2025-06-11 14:21:57 [restartedMain] INFO  o.a.coyote.http11.Http11NioProtocol - Starting ProtocolHandler ["http-nio-8085"]
2025-06-11 14:21:57 [restartedMain] INFO  o.s.b.w.e.tomcat.TomcatWebServer - Tomcat started on port 8085 (http) with context path '/'
2025-06-11 14:21:57 [restartedMain] INFO  com.payment.HitpayApplication - Started HitpayApplication in 4.534 seconds (process running for 5.057)
2025-06-11 14:22:03 [http-nio-8085-exec-1] INFO  o.a.c.c.C.[Tomcat].[localhost].[/] - Initializing Spring DispatcherServlet 'dispatcherServlet'
2025-06-11 14:22:03 [http-nio-8085-exec-1] INFO  o.s.web.servlet.DispatcherServlet - Initializing Servlet 'dispatcherServlet'
2025-06-11 14:22:03 [http-nio-8085-exec-1] INFO  o.s.web.servlet.DispatcherServlet - Completed initialization in 0 ms
2025-06-11 14:22:03 [http-nio-8085-exec-1] INFO  c.p.g.controller.HitpayController - =>Requested to payment checkout<=
2025-06-11 14:22:39 [http-nio-8085-exec-5] INFO  c.p.g.controller.WebhookController - =>Requested to webhook listening <=
2025-06-11 14:22:39 [http-nio-8085-exec-5] INFO  c.p.g.controller.WebhookController - Webhook received | content-type=application/x-www-form-urlencoded, event-type=null, sig=[no]
2025-06-11 14:22:42 [http-nio-8085-exec-2] INFO  c.p.g.controller.WebhookController - =>Requested to webhook listening <=
2025-06-11 14:22:42 [http-nio-8085-exec-2] INFO  c.p.g.controller.WebhookController - Webhook received | content-type=application/json, event-type=created, sig=[yes]
2025-06-11 14:22:42 [http-nio-8085-exec-2] INFO  c.p.g.controller.WebhookController - Handling charge.created event
2025-06-11 14:22:42 [http-nio-8085-exec-2] INFO  c.p.g.controller.WebhookController - Requested to handlePayment
2025-06-11 14:23:09 [http-nio-8085-exec-10] INFO  c.p.g.controller.HitpayController - =>Requested to payment checkout<=
2025-06-11 14:23:16 [http-nio-8085-exec-8] INFO  c.p.g.c.TransactionController -  => Request to get transaction <=
2025-06-11 14:23:27 [http-nio-8085-exec-9] INFO  c.p.g.c.TransactionController -  => Request to get transaction <=
2025-06-11 14:23:27 [http-nio-8085-exec-6] INFO  c.p.g.c.TransactionController -  => Request to get transaction <=
2025-06-11 14:23:28 [http-nio-8085-exec-1] INFO  c.p.g.c.TransactionController -  => Request to get transaction <=
2025-06-11 14:23:30 [http-nio-8085-exec-5] INFO  c.p.g.c.TransactionController -  => Request to get transaction <=
2025-06-11 14:23:31 [http-nio-8085-exec-2] INFO  c.p.g.c.TransactionController -  => Request to get transaction <=
2025-06-11 14:23:31 [http-nio-8085-exec-4] INFO  c.p.g.c.TransactionController -  => Request to get transaction <=
2025-06-11 14:23:32 [http-nio-8085-exec-3] INFO  c.p.g.c.TransactionController -  => Request to get transaction <=
2025-06-11 14:23:33 [http-nio-8085-exec-10] INFO  c.p.g.c.TransactionController -  => Request to get transaction <=
2025-06-11 14:23:38 [http-nio-8085-exec-7] INFO  c.p.g.c.TransactionController -  => Request to get transaction <=
2025-06-11 14:23:39 [http-nio-8085-exec-8] INFO  c.p.g.controller.WebhookController - =>Requested to webhook listening <=
2025-06-11 14:23:39 [http-nio-8085-exec-8] INFO  c.p.g.controller.WebhookController - Webhook received | content-type=application/x-www-form-urlencoded, event-type=null, sig=[no]
2025-06-11 14:23:40 [http-nio-8085-exec-9] INFO  c.p.g.c.TransactionController -  => Request to get transaction <=
2025-06-11 14:23:41 [http-nio-8085-exec-1] INFO  c.p.g.controller.WebhookController - =>Requested to webhook listening <=
2025-06-11 14:23:41 [http-nio-8085-exec-1] INFO  c.p.g.controller.WebhookController - Webhook received | content-type=application/json, event-type=created, sig=[yes]
2025-06-11 14:23:41 [http-nio-8085-exec-1] INFO  c.p.g.controller.WebhookController - Handling charge.created event
2025-06-11 14:23:41 [http-nio-8085-exec-1] INFO  c.p.g.controller.WebhookController - Requested to handlePayment
2025-06-11 14:23:42 [http-nio-8085-exec-5] INFO  c.p.g.c.TransactionController -  => Request to get transaction <=
2025-06-11 14:23:42 [http-nio-8085-exec-2] INFO  c.p.g.c.TransactionController -  => Request to get transaction <=
2025-06-11 14:23:43 [http-nio-8085-exec-4] INFO  c.p.g.c.TransactionController -  => Request to get transaction <=
2025-06-11 14:23:44 [http-nio-8085-exec-3] INFO  c.p.g.c.TransactionController -  => Request to get transaction <=
2025-06-11 14:23:45 [http-nio-8085-exec-7] INFO  c.p.g.c.TransactionController -  => Request to get transaction <=
2025-06-11 14:23:55 [http-nio-8085-exec-8] INFO  c.p.g.c.TransactionController -  => Request to get transaction <=
2025-06-11 14:24:01 [http-nio-8085-exec-6] INFO  c.p.g.c.TransactionController -  => Request to get transaction <=
2025-06-11 14:24:10 [http-nio-8085-exec-9] INFO  c.p.g.c.TransactionController -  => Request to get transaction <=
2025-06-11 14:24:17 [http-nio-8085-exec-5] INFO  c.p.g.c.TransactionController -  => Request to get transaction <=
2025-06-11 14:24:26 [http-nio-8085-exec-2] INFO  c.p.g.c.TransactionController -  => Request to get transaction <=
2025-06-11 14:24:42 [http-nio-8085-exec-4] INFO  c.p.g.c.TransactionController -  => Request to get transaction <=
2025-06-11 14:24:43 [http-nio-8085-exec-10] INFO  c.p.g.c.TransactionController -  => Request to get transaction <=
2025-06-11 14:24:44 [http-nio-8085-exec-7] INFO  c.p.g.c.TransactionController -  => Request to get transaction <=
2025-06-11 14:24:44 [http-nio-8085-exec-8] INFO  c.p.g.c.TransactionController -  => Request to get transaction <=
2025-06-11 14:24:46 [http-nio-8085-exec-9] INFO  c.p.g.c.TransactionController -  => Request to get transaction <=
2025-06-11 14:24:46 [http-nio-8085-exec-5] INFO  c.p.g.c.TransactionController -  => Request to get transaction <=
2025-06-11 14:25:04 [http-nio-8085-exec-2] INFO  c.p.g.c.TransactionController -  => Request to get transaction <=
2025-06-11 14:25:05 [http-nio-8085-exec-1] INFO  c.p.g.c.TransactionController -  => Request to get transaction <=
2025-06-11 14:25:07 [http-nio-8085-exec-4] INFO  c.p.g.c.TransactionController -  => Request to get transaction <=
2025-06-11 14:25:24 [http-nio-8085-exec-3] INFO  c.p.g.c.TransactionController -  => Request to get transaction <=
2025-06-11 14:25:25 [http-nio-8085-exec-10] INFO  c.p.g.c.TransactionController -  => Request to get transaction <=
2025-06-11 14:25:39 [http-nio-8085-exec-7] INFO  c.p.g.c.TransactionController -  => Request to get transaction <=
2025-06-11 14:25:40 [http-nio-8085-exec-6] INFO  c.p.g.c.TransactionController -  => Request to get transaction <=
2025-06-11 14:36:13 [SpringApplicationShutdownHook] INFO  o.s.b.w.e.tomcat.GracefulShutdown - Commencing graceful shutdown. Waiting for active requests to complete
2025-06-11 14:36:13 [tomcat-shutdown] INFO  o.s.b.w.e.tomcat.GracefulShutdown - Graceful shutdown complete
2025-06-11 14:36:13 [SpringApplicationShutdownHook] INFO  o.s.o.j.LocalContainerEntityManagerFactoryBean - Closing JPA EntityManagerFactory for persistence unit 'default'
2025-06-11 14:36:13 [SpringApplicationShutdownHook] INFO  com.zaxxer.hikari.HikariDataSource - HikariPool-1 - Shutdown initiated...
2025-06-11 14:36:13 [SpringApplicationShutdownHook] INFO  com.zaxxer.hikari.HikariDataSource - HikariPool-1 - Shutdown completed.
